<?xml version="1.0" encoding="UTF-8"?>
<testsuite name="integrationtest.WebSocketClientIntegrationTest" tests="4" skipped="0" failures="0" errors="0" timestamp="2025-07-03T09:56:20.664Z" hostname="desktop" time="1.278">
  <properties/>
  <testcase name="[1] [Hello]" classname="integrationtest.WebSocketClientIntegrationTest" time="0.436"/>
  <testcase name="[2] [Hello1, Hello2, Hello3, Hello4, Hello5]" classname="integrationtest.WebSocketClientIntegrationTest" time="0.21"/>
  <testcase name="[1] [Hello]" classname="integrationtest.WebSocketClientIntegrationTest" time="0.314"/>
  <testcase name="[2] [Hello1, Hello2, Hello3, Hello4, Hello5]" classname="integrationtest.WebSocketClientIntegrationTest" time="0.31"/>
  <system-out><![CDATA[2025-07-03 10:56:20 [Test worker] INFO  io.ktor.server.Application - Autoreload is disabled because the development mode is off.
2025-07-03 10:56:20 [Test worker] INFO  io.ktor.server.Application - Application started in 0.251 seconds.
2025-07-03 10:56:20 [DefaultDispatcher-worker-1 @coroutine#2] INFO  io.ktor.server.Application - Responding at http://0.0.0.0:44527
serverSenderJob launched
websocket ready
serverReceivedJob launched
2025-07-03 10:56:20 [DefaultDispatcher-worker-3 @coroutine#8] INFO  o.k.client.websocket.WebSocketClient - WebSocket connected successfully to ws://localhost:44527/test
2025-07-03 10:56:20 [DefaultDispatcher-worker-3 @coroutine#8] INFO  o.k.client.websocket.WebSocketClient - setting up receiver
serverSenderJob sending: Hello
2025-07-03 10:56:20 [DefaultDispatcher-worker-1 @coroutine#8] INFO  o.k.client.websocket.WebSocketClient - Received: Hello
serverReceivedJob complete
2025-07-03 10:56:20 [DefaultDispatcher-worker-8 @coroutine#8] ERROR o.k.client.websocket.WebSocketClient - WebSocket connection failed: kotlinx.coroutines.flow.internal.AbortFlowException: Flow was aborted, no more elements needed
2025-07-03 10:56:20 [DefaultDispatcher-worker-8 @coroutine#8] INFO  o.k.client.websocket.WebSocketClient - Reconnecting in 2000ms (attempt 1/10)
serverSenderJob launched
serverReceivedJob launched
websocket ready
2025-07-03 10:56:21 [DefaultDispatcher-worker-5 @coroutine#42] INFO  o.k.client.websocket.WebSocketClient - WebSocket connected successfully to ws://localhost:44527/test
2025-07-03 10:56:21 [DefaultDispatcher-worker-5 @coroutine#42] INFO  o.k.client.websocket.WebSocketClient - setting up receiver
serverSenderJob sending: Hello1
serverSenderJob sending: Hello2
serverSenderJob sending: Hello3
serverSenderJob sending: Hello4
serverSenderJob sending: Hello5
2025-07-03 10:56:21 [DefaultDispatcher-worker-3 @coroutine#42] INFO  o.k.client.websocket.WebSocketClient - Received: Hello1
2025-07-03 10:56:21 [DefaultDispatcher-worker-3 @coroutine#42] INFO  o.k.client.websocket.WebSocketClient - Received: Hello2
2025-07-03 10:56:21 [DefaultDispatcher-worker-3 @coroutine#42] INFO  o.k.client.websocket.WebSocketClient - Received: Hello3
2025-07-03 10:56:21 [DefaultDispatcher-worker-3 @coroutine#42] INFO  o.k.client.websocket.WebSocketClient - Received: Hello4
2025-07-03 10:56:21 [DefaultDispatcher-worker-3 @coroutine#42] INFO  o.k.client.websocket.WebSocketClient - Received: Hello5
2025-07-03 10:56:21 [DefaultDispatcher-worker-3 @coroutine#42] ERROR o.k.client.websocket.WebSocketClient - WebSocket connection failed: kotlinx.coroutines.flow.internal.AbortFlowException: Flow was aborted, no more elements needed
2025-07-03 10:56:21 [DefaultDispatcher-worker-3 @coroutine#42] INFO  o.k.client.websocket.WebSocketClient - Reconnecting in 2000ms (attempt 1/10)
serverReceivedJob complete
serverSenderJob launched
serverReceivedJob launched
websocket ready
2025-07-03 10:56:21 [DefaultDispatcher-worker-7 @coroutine#74] INFO  o.k.client.websocket.WebSocketClient - WebSocket connected successfully to ws://localhost:44527/test
2025-07-03 10:56:21 [DefaultDispatcher-worker-7 @coroutine#74] INFO  o.k.client.websocket.WebSocketClient - starting sender coroutine
2025-07-03 10:56:21 [DefaultDispatcher-worker-7 @coroutine#74] INFO  o.k.client.websocket.WebSocketClient - started sender coroutine
2025-07-03 10:56:21 [DefaultDispatcher-worker-7 @coroutine#74] INFO  o.k.client.websocket.WebSocketClient - setting up receiver
2025-07-03 10:56:21 [DefaultDispatcher-worker-8 @ws-default#99] INFO  o.k.client.websocket.WebSocketClient - Sender coroutine started
serverSenderJob sending: Hello
2025-07-03 10:56:21 [DefaultDispatcher-worker-8 @ws-default#99] INFO  o.k.client.websocket.WebSocketClient - Sending: Hello
2025-07-03 10:56:21 [DefaultDispatcher-worker-6 @coroutine#74] INFO  o.k.client.websocket.WebSocketClient - Received: Hello
received: Hello
serverReceivedJob received: Hello
2025-07-03 10:56:21 [DefaultDispatcher-worker-2 @coroutine#74] ERROR o.k.client.websocket.WebSocketClient - WebSocket connection failed: kotlinx.coroutines.flow.internal.AbortFlowException: Flow was aborted, no more elements needed
serverReceivedJob complete
2025-07-03 10:56:21 [DefaultDispatcher-worker-2 @coroutine#74] INFO  o.k.client.websocket.WebSocketClient - Reconnecting in 2000ms (attempt 1/10)
serverSenderJob launched
serverReceivedJob launched
websocket ready
2025-07-03 10:56:21 [DefaultDispatcher-worker-4 @coroutine#107] INFO  o.k.client.websocket.WebSocketClient - WebSocket connected successfully to ws://localhost:44527/test
2025-07-03 10:56:21 [DefaultDispatcher-worker-4 @coroutine#107] INFO  o.k.client.websocket.WebSocketClient - starting sender coroutine
2025-07-03 10:56:21 [DefaultDispatcher-worker-4 @coroutine#107] INFO  o.k.client.websocket.WebSocketClient - started sender coroutine
2025-07-03 10:56:21 [DefaultDispatcher-worker-4 @coroutine#107] INFO  o.k.client.websocket.WebSocketClient - setting up receiver
2025-07-03 10:56:21 [DefaultDispatcher-worker-2 @ws-default#132] INFO  o.k.client.websocket.WebSocketClient - Sender coroutine started
serverSenderJob sending: Hello
2025-07-03 10:56:21 [DefaultDispatcher-worker-2 @ws-default#132] INFO  o.k.client.websocket.WebSocketClient - Sending: Hello1
2025-07-03 10:56:21 [DefaultDispatcher-worker-2 @ws-default#132] INFO  o.k.client.websocket.WebSocketClient - Sending: Hello2
2025-07-03 10:56:21 [DefaultDispatcher-worker-2 @ws-default#132] INFO  o.k.client.websocket.WebSocketClient - Sending: Hello3
2025-07-03 10:56:21 [DefaultDispatcher-worker-2 @ws-default#132] INFO  o.k.client.websocket.WebSocketClient - Sending: Hello4
2025-07-03 10:56:21 [DefaultDispatcher-worker-2 @ws-default#132] INFO  o.k.client.websocket.WebSocketClient - Sending: Hello5
2025-07-03 10:56:21 [DefaultDispatcher-worker-1 @coroutine#107] INFO  o.k.client.websocket.WebSocketClient - Received: Hello
received: Hello
serverReceivedJob received: Hello1
serverReceivedJob received: Hello2
serverReceivedJob received: Hello3
serverReceivedJob received: Hello4
serverReceivedJob received: Hello5
serverReceivedJob complete
2025-07-03 10:56:21 [DefaultDispatcher-worker-8 @coroutine#107] ERROR o.k.client.websocket.WebSocketClient - WebSocket connection failed: kotlinx.coroutines.flow.internal.AbortFlowException: Flow was aborted, no more elements needed
2025-07-03 10:56:21 [DefaultDispatcher-worker-8 @coroutine#107] INFO  o.k.client.websocket.WebSocketClient - Reconnecting in 2000ms (attempt 1/10)
2025-07-03 10:56:21 [Test worker] INFO  o.k.client.websocket.WebSocketClient - Closing WebSocket client...
2025-07-03 10:56:21 [Test worker] INFO  o.k.client.websocket.WebSocketClient - WebSocket client closed successfully
]]></system-out>
  <system-err><![CDATA[]]></system-err>
</testsuite>
