<?xml version="1.0" encoding="UTF-8"?>
<testsuite name="main.utils.extension.StringExtensionTest" tests="1" skipped="0" failures="0" errors="0" timestamp="2025-07-03T09:21:00.931Z" hostname="desktop" time="0.0">
  <properties/>
  <testcase name="should convert timestamp seconds to ISO8601()" classname="main.utils.extension.StringExtensionTest" time="0.0"/>
  <system-out><![CDATA[]]></system-out>
  <system-err><![CDATA[]]></system-err>
</testsuite>
