<?xml version="1.0" encoding="UTF-8"?>
<testsuite name="main.controller.SubscriptionControllerTest$ErrorStates" tests="4" skipped="0" failures="0" errors="0" timestamp="2025-07-03T09:21:00.839Z" hostname="desktop" time="0.031">
  <properties/>
  <testcase name="[1] " classname="main.controller.SubscriptionControllerTest$ErrorStates" time="0.007"/>
  <testcase name="[2] some-invalid-symbol" classname="main.controller.SubscriptionControllerTest$ErrorStates" time="0.006"/>
  <testcase name="[1] " classname="main.controller.SubscriptionControllerTest$ErrorStates" time="0.009"/>
  <testcase name="[2] some-invalid-symbol" classname="main.controller.SubscriptionControllerTest$ErrorStates" time="0.005"/>
  <system-out><![CDATA[2025-07-03 10:21:00 [Test worker @coroutine#216] INFO  o.k.c.SubscriptionController - invalid symbol: for request
2025-07-03 10:21:00 [Test worker @coroutine#223] INFO  o.k.c.SubscriptionController - invalid symbol:some-invalid-symbol for request
2025-07-03 10:21:00 [Test worker @coroutine#230] INFO  o.k.c.SubscriptionController - invalid symbol: for request
2025-07-03 10:21:00 [Test worker @coroutine#237] INFO  o.k.c.SubscriptionController - invalid symbol:some-invalid-symbol for request
]]></system-out>
  <system-err><![CDATA[]]></system-err>
</testsuite>
