<?xml version="1.0" encoding="UTF-8"?>
<testsuite name="main.controller.PriceControllerTest$ErrorStates" tests="3" skipped="0" failures="0" errors="0" timestamp="2025-07-03T09:21:00.712Z" hostname="desktop" time="0.023">
  <properties/>
  <testcase name="[1] " classname="main.controller.PriceControllerTest$ErrorStates" time="0.007"/>
  <testcase name="[2] some-invalid-symbol" classname="main.controller.PriceControllerTest$ErrorStates" time="0.006"/>
  <testcase name="should return 404 and error message if price not found()" classname="main.controller.PriceControllerTest$ErrorStates" time="0.007"/>
  <system-out><![CDATA[2025-07-03 10:21:00 [Test worker @coroutine#181] INFO  org.kurt.controller.PriceController - invalid symbol: for request
2025-07-03 10:21:00 [Test worker @coroutine#188] INFO  org.kurt.controller.PriceController - invalid symbol:some-invalid-symbol for request
2025-07-03 10:21:00 [Test worker @coroutine#195] INFO  org.kurt.controller.PriceController - No price for btcusd
]]></system-out>
  <system-err><![CDATA[]]></system-err>
</testsuite>
